Build started 13-6-2010 19:48:08.
     1>Project "D:\mtadev\ml_curl\ml_system.vcxproj" on node 2 (build target(s)).
     1>InitializeBuildStatus:
         Creating "Debug\ml_curl.unsuccessfulbuild" because "AlwaysCreate" was specified.
       ClCompile:
         c:\Program Files\Microsoft Visual Studio 10.0\VC\bin\CL.exe /c /I.\include /ZI /nologo /W3 /WX- /Od /Oy- /D WIN32 /D _WINDOWS /D _DEBUG /D _USRDLL /D _CRT_SECURE_NO_WARNINGS /D CURL_STATICLIB /D _VC80_UPGRADE=0x0710 /D _WINDLL /D _MBCS /Gm /EHsc /RTC1 /MDd /GS /fp:precise /Zc:wchar_t /Zc:forScope /Fo"Debug\\" /Fd"Debug\vc100.pdb" /Gd /TP /analyze- /errorReport:prompt CCurl.cpp CFunctions.cpp Mtacurl.cpp Mtacurls.cpp ml_system.cpp
         Mtacurl.cpp
     1>d:\mtadev\ml_curl\mtacurl.cpp(37): warning C4482: nonstandard extension used: enum 'CURLoption' used in qualified name
         CFunctions.cpp
     1>d:\mtadev\ml_curl\cfunctions.cpp(29): warning C4482: nonstandard extension used: enum 'CURLoption' used in qualified name
         Generating Code...
         Skipping... (no relevant changes detected)
         ml_system.cpp
         Mtacurls.cpp
         CCurl.cpp
       ManifestResourceCompile:
         All outputs are up-to-date.
       Link:
         c:\Program Files\Microsoft Visual Studio 10.0\VC\bin\link.exe /ERRORREPORT:PROMPT /OUT:"Debug\ml_curl.dll" /INCREMENTAL /NOLOGO ./lib/lua5.1d.lib ./lib/libcurl.lib ws2_32.lib wldap32.lib kernel32.lib user32.lib gdi32.lib winspool.lib comdlg32.lib advapi32.lib shell32.lib ole32.lib oleaut32.lib uuid.lib odbc32.lib odbccp32.lib /NODEFAULTLIB:MSVCRT /MANIFEST /ManifestFile:"Debug\ml_curl.dll.intermediate.manifest" /MANIFESTUAC:"level='asInvoker' uiAccess='false'" /DEBUG /PDB:"D:\mtadev\ml_curl\Debug\ml_curl.pdb" /SUBSYSTEM:WINDOWS /TLBID:1 /DYNAMICBASE:NO /IMPLIB:"Debug\ml_curl.lib" /MACHINE:X86 /DLL Debug\ml_curl.dll.embed.manifest.res
         Debug\CCurl.obj
         Debug\CFunctions.obj
         Debug\ml_system.obj
         Debug\CLuaArgument.obj
         Debug\CLuaArguments.obj
         Debug\Mtacurl.obj
         Debug\Mtacurls.obj
       Manifest:
         c:\Program Files\Microsoft SDKs\Windows\v7.0A\bin\mt.exe /nologo /verbose /out:"Debug\ml_curl.dll.embed.manifest" /manifest Debug\ml_curl.dll.intermediate.manifest
         All outputs are up-to-date.
       LinkEmbedManifest:
         All outputs are up-to-date.
         ml_system.vcxproj -> D:\mtadev\ml_curl\Debug\ml_curl.dll
       FinalizeBuildStatus:
         Deleting file "Debug\ml_curl.unsuccessfulbuild".
         Touching "Debug\ml_curl.lastbuildstate".
     1>Done Building Project "D:\mtadev\ml_curl\ml_system.vcxproj" (build target(s)).

Build succeeded.

Time Elapsed 00:00:06.19
